<?xml version="1.0" encoding="UTF-8"?>
<!-- Generated by org.testng.reporters.JUnitXMLReporter -->
<testsuite ignored="0" hostname="LAPTOP-FBRVOBEM" failures="1" tests="7" name="Test" time="0.075" errors="0" timestamp="2022-10-05T16:34:08 IST">
  <testcase classname="testng.DependancyClass" name="startCar" time="0.009">
    <failure type="java.lang.AssertionError" message="null">
      <![CDATA[java.lang.AssertionError: null
at testng.DependancyClass.startCar(DependancyClass.java:12)
at java.base/java.util.ArrayList.forEach(ArrayList.java:1511)
... Removed 27 stack frames]]>
    </failure>
  </testcase> <!-- startCar -->
  <testcase classname="testng.DependancyClass" name="driveCar" time="0.0">
    <skipped/>
  </testcase> <!-- driveCar -->
  <testcase classname="testng.DependancyClass" name="stopCar" time="0.0">
    <skipped/>
  </testcase> <!-- stopCar -->
  <testcase classname="testng.DependancyClass" name="parkCar" time="0.001"/>
  <testcase classname="testng.PriorityClass" name="b" time="0.002"/>
  <testcase classname="testng.PriorityClass" name="a" time="0.001"/>
  <testcase classname="testng.PriorityClass" name="a" time="0.001"/>
</testsuite> <!-- Test -->
