<?xml version="1.0" encoding="UTF-8"?>
<testng-results ignored="0" total="0" passed="0" failed="0" skipped="0">
  <reporter-output>
  </reporter-output>
  <suite started-at="2022-10-06T20:56:49Z" name="Suite" finished-at="2022-10-06T20:56:52Z" duration-ms="2961">
    <groups>
    </groups>
    <test started-at="2022-10-06T20:56:49Z" name="chrometest2" finished-at="2022-10-06T20:56:50Z" duration-ms="951">
      <class name="testtestng.InheritanceInTestNG">
        <test-method is-config="true" signature="openBrowser(java.lang.String)[pri:0, instance:testtestng.InheritanceInTestNG@1ed4ae0f]" started-at="2022-10-06T20:56:49Z" name="openBrowser" finished-at="2022-10-06T20:56:50Z" duration-ms="948" status="PASS">
          <params>
            <param index="0">
              <value>
                <![CDATA[chrome]]>
              </value>
            </param>
          </params>
          <reporter-output>
          </reporter-output>
        </test-method> <!-- openBrowser -->
      </class> <!-- testtestng.InheritanceInTestNG -->
    </test> <!-- chrometest2 -->
    <test started-at="2022-10-06T20:56:50Z" name="firefoxtest2" finished-at="2022-10-06T20:56:52Z" duration-ms="1977">
      <class name="testtestng.InheritanceInTestNG">
        <test-method is-config="true" signature="openBrowser(java.lang.String)[pri:0, instance:testtestng.InheritanceInTestNG@7161d8d1]" started-at="2022-10-06T20:56:50Z" name="openBrowser" finished-at="2022-10-06T20:56:52Z" duration-ms="1976" status="PASS">
          <params>
            <param index="0">
              <value>
                <![CDATA[firefox]]>
              </value>
            </param>
          </params>
          <reporter-output>
          </reporter-output>
        </test-method> <!-- openBrowser -->
      </class> <!-- testtestng.InheritanceInTestNG -->
    </test> <!-- firefoxtest2 -->
  </suite> <!-- Suite -->
</testng-results>
